This file contains any messages produced by compilers while
running configure, to aid debugging if configure makes a mistake.

It was created by fuse-overlayfs configure 0.6.4, which was
generated by GNU Autoconf 2.69.  Invocation command line was

  $ ./configure --no-create --no-recursion

## --------- ##
## Platform. ##
## --------- ##

hostname = hell2
uname -m = x86_64
uname -r = 5.3.7-arch1-1-ARCH
uname -s = Linux
uname -v = #1 SMP PREEMPT Fri Oct 18 00:17:03 UTC 2019

/usr/bin/uname -p = unknown
/bin/uname -X     = unknown

/bin/arch              = unknown
/usr/bin/arch -k       = unknown
/usr/convex/getsysinfo = unknown
/usr/bin/hostinfo      = unknown
/bin/machine           = unknown
/usr/bin/oslevel       = unknown
/bin/universe          = unknown

PATH: /home/stary/.local/bin
PATH: /usr/local/vitasdk/bin
PATH: /home/stary/.local/bin
PATH: /usr/local/vitasdk/bin
PATH: /opt/devkitpro/tools/bin
PATH: /usr/local/sbin
PATH: /usr/local/bin
PATH: /usr/bin
PATH: /usr/lib/jvm/default/bin
PATH: /usr/bin/site_perl
PATH: /usr/bin/vendor_perl
PATH: /usr/bin/core_perl
PATH: /home/stary/bin
PATH: /home/stary/gcc-linaro-7.4.1-2019.02-x86_64_aarch64-linux-gnu/bin/
PATH: /home/stary/.gem/ruby/2.6.0/bin/
PATH: /home/stary/bin
PATH: /home/stary/gcc-linaro-7.4.1-2019.02-x86_64_aarch64-linux-gnu/bin/
PATH: /home/stary/.gem/ruby/2.6.0/bin/


## ----------- ##
## Core tests. ##
## ----------- ##

configure:2571: checking for a BSD-compatible install
configure:2639: result: /usr/bin/install -c
configure:2650: checking whether build environment is sane
configure:2705: result: yes
configure:2854: checking for a thread-safe mkdir -p
configure:2893: result: /usr/bin/mkdir -p
configure:2900: checking for gawk
configure:2916: found /usr/bin/gawk
configure:2927: result: gawk
configure:2938: checking whether make sets $(MAKE)
configure:2960: result: yes
configure:2989: checking whether make supports nested variables
configure:3006: result: yes
configure:3181: checking for gcc
configure:3197: found /usr/bin/gcc
configure:3208: result: gcc
configure:3437: checking for C compiler version
configure:3446: gcc --version >&5
gcc (GCC) 9.2.0
Copyright (C) 2019 Free Software Foundation, Inc.
This is free software; see the source for copying conditions.  There is NO
warranty; not even for MERCHANTABILITY or FITNESS FOR A PARTICULAR PURPOSE.

configure:3457: $? = 0
configure:3446: gcc -v >&5
Using built-in specs.
COLLECT_GCC=gcc
COLLECT_LTO_WRAPPER=/usr/lib/gcc/x86_64-pc-linux-gnu/9.2.0/lto-wrapper
Target: x86_64-pc-linux-gnu
Configured with: /build/gcc/src/gcc/configure --prefix=/usr --libdir=/usr/lib --libexecdir=/usr/lib --mandir=/usr/share/man --infodir=/usr/share/info --with-bugurl=https://bugs.archlinux.org/ --enable-languages=c,c++,ada,fortran,go,lto,objc,obj-c++ --enable-shared --enable-threads=posix --with-system-zlib --with-isl --enable-__cxa_atexit --disable-libunwind-exceptions --enable-clocale=gnu --disable-libstdcxx-pch --disable-libssp --enable-gnu-unique-object --enable-linker-build-id --enable-lto --enable-plugin --enable-install-libiberty --with-linker-hash-style=gnu --enable-gnu-indirect-function --enable-multilib --disable-werror --enable-checking=release --enable-default-pie --enable-default-ssp --enable-cet=auto
Thread model: posix
gcc version 9.2.0 (GCC) 
configure:3457: $? = 0
configure:3446: gcc -V >&5
gcc: error: unrecognized command line option '-V'
gcc: fatal error: no input files
compilation terminated.
configure:3457: $? = 1
configure:3446: gcc -qversion >&5
gcc: error: unrecognized command line option '-qversion'; did you mean '--version'?
gcc: fatal error: no input files
compilation terminated.
configure:3457: $? = 1
configure:3477: checking whether the C compiler works
configure:3499: gcc    conftest.c  >&5
configure:3503: $? = 0
configure:3551: result: yes
configure:3554: checking for C compiler default output file name
configure:3556: result: a.out
configure:3562: checking for suffix of executables
configure:3569: gcc -o conftest    conftest.c  >&5
configure:3573: $? = 0
configure:3595: result: 
configure:3617: checking whether we are cross compiling
configure:3625: gcc -o conftest    conftest.c  >&5
configure:3629: $? = 0
configure:3636: ./conftest
configure:3640: $? = 0
configure:3628: result: no
configure:3633: checking for suffix of object files
configure:3655: gcc -c   conftest.c >&5
configure:3659: $? = 0
configure:3680: result: o
configure:3684: checking whether we are using the GNU C compiler
configure:3703: gcc -c   conftest.c >&5
configure:3703: $? = 0
configure:3712: result: yes
configure:3721: checking whether gcc accepts -g
configure:3741: gcc -c -g  conftest.c >&5
configure:3741: $? = 0
configure:3782: result: yes
configure:3799: checking for gcc option to accept ISO C89
configure:3862: gcc  -c -g -O2  conftest.c >&5
configure:3862: $? = 0
configure:3875: result: none needed
configure:3900: checking whether gcc understands -c and -o together
configure:3922: gcc -c conftest.c -o conftest2.o
configure:3925: $? = 0
configure:3922: gcc -c conftest.c -o conftest2.o
configure:3925: $? = 0
configure:3937: result: yes
configure:3957: checking whether make supports the include directive
configure:3972: make -f confmf.GNU && cat confinc.out
make[1]: Entering directory '/home/stary/cursed-apt/fuse-overlayfs'
make[1]: Leaving directory '/home/stary/cursed-apt/fuse-overlayfs'
this is the am__doit target
configure:3975: $? = 0
configure:3994: result: yes (GNU style)
configure:4019: checking dependency style of gcc
configure:4130: result: gcc3
configure:4152: checking how to run the C preprocessor
configure:4183: gcc -E  conftest.c
configure:4183: $? = 0
configure:4197: gcc -E  conftest.c
conftest.c:11:10: fatal error: ac_nonexistent.h: No such file or directory
   11 | #include <ac_nonexistent.h>
      |          ^~~~~~~~~~~~~~~~~~
compilation terminated.
configure:4197: $? = 1
configure: failed program was:
| /* confdefs.h */
| #define PACKAGE_NAME "fuse-overlayfs"
| #define PACKAGE_TARNAME "fuse-overlayfs"
| #define PACKAGE_VERSION "0.6.4"
| #define PACKAGE_STRING "fuse-overlayfs 0.6.4"
| #define PACKAGE_BUGREPORT "giuseppe@scrivano.org"
| #define PACKAGE_URL ""
| #define PACKAGE "fuse-overlayfs"
| #define VERSION "0.6.4"
| /* end confdefs.h.  */
| #include <ac_nonexistent.h>
configure:4222: result: gcc -E
configure:4242: gcc -E  conftest.c
configure:4242: $? = 0
configure:4256: gcc -E  conftest.c
conftest.c:11:10: fatal error: ac_nonexistent.h: No such file or directory
   11 | #include <ac_nonexistent.h>
      |          ^~~~~~~~~~~~~~~~~~
compilation terminated.
configure:4256: $? = 1
configure: failed program was:
| /* confdefs.h */
| #define PACKAGE_NAME "fuse-overlayfs"
| #define PACKAGE_TARNAME "fuse-overlayfs"
| #define PACKAGE_VERSION "0.6.4"
| #define PACKAGE_STRING "fuse-overlayfs 0.6.4"
| #define PACKAGE_BUGREPORT "giuseppe@scrivano.org"
| #define PACKAGE_URL ""
| #define PACKAGE "fuse-overlayfs"
| #define VERSION "0.6.4"
| /* end confdefs.h.  */
| #include <ac_nonexistent.h>
configure:4285: checking for grep that handles long lines and -e
configure:4343: result: /usr/bin/grep
configure:4348: checking for egrep
configure:4410: result: /usr/bin/grep -E
configure:4418: checking for Minix Amsterdam compiler
configure:4442: result: no
configure:4499: checking for ar
configure:4515: found /usr/bin/ar
configure:4526: result: ar
configure:4601: checking for ranlib
configure:4617: found /usr/bin/ranlib
configure:4628: result: ranlib
configure:4686: checking whether the preprocessor supports include_next
configure:4724: gcc -c -g -O2  -Iconftestd1b -Iconftestd2 conftest.c >&5
configure:4724: $? = 0
configure:4745: result: yes
configure:4766: checking whether system header files limit the line length
configure:4789: result: no
configure:4802: checking build system type
configure:4816: result: x86_64-pc-linux-gnu
configure:4836: checking host system type
configure:4849: result: x86_64-pc-linux-gnu
configure:4869: checking for ANSI C header files
configure:4889: gcc -c -g -O2  conftest.c >&5
configure:4889: $? = 0
configure:4962: gcc -o conftest -g -O2   conftest.c  >&5
configure:4962: $? = 0
configure:4962: ./conftest
configure:4962: $? = 0
configure:4973: result: yes
configure:4986: checking for sys/types.h
configure:4986: gcc -c -g -O2  conftest.c >&5
configure:4986: $? = 0
configure:4986: result: yes
configure:4986: checking for sys/stat.h
configure:4986: gcc -c -g -O2  conftest.c >&5
configure:4986: $? = 0
configure:4986: result: yes
configure:4986: checking for stdlib.h
configure:4986: gcc -c -g -O2  conftest.c >&5
configure:4986: $? = 0
configure:4986: result: yes
configure:4986: checking for string.h
configure:4986: gcc -c -g -O2  conftest.c >&5
configure:4986: $? = 0
configure:4986: result: yes
configure:4986: checking for memory.h
configure:4986: gcc -c -g -O2  conftest.c >&5
configure:4986: $? = 0
configure:4986: result: yes
configure:4986: checking for strings.h
configure:4986: gcc -c -g -O2  conftest.c >&5
configure:4986: $? = 0
configure:4986: result: yes
configure:4986: checking for inttypes.h
configure:4986: gcc -c -g -O2  conftest.c >&5
configure:4986: $? = 0
configure:4986: result: yes
configure:4986: checking for stdint.h
configure:4986: gcc -c -g -O2  conftest.c >&5
configure:4986: $? = 0
configure:4986: result: yes
configure:4986: checking for unistd.h
configure:4986: gcc -c -g -O2  conftest.c >&5
configure:4986: $? = 0
configure:4986: result: yes
configure:5004: checking for limits.h
configure:5004: gcc -c -g -O2  conftest.c >&5
configure:5004: $? = 0
configure:5004: result: yes
configure:5004: checking for wchar.h
configure:5004: gcc -c -g -O2  conftest.c >&5
configure:5004: $? = 0
configure:5004: result: yes
configure:5004: checking for stdint.h
configure:5004: result: yes
configure:5097: checking whether limits.h has LLONG_MAX, WORD_BIT, ULLONG_WIDTH etc.
configure:5120: gcc -c -g -O2  conftest.c >&5
conftest.c:29:22: error: 'WORD_BIT' undeclared here (not in a function)
   29 |             int wb = WORD_BIT;
      |                      ^~~~~~~~
configure:5120: $? = 1
configure: failed program was:
| /* confdefs.h */
| #define PACKAGE_NAME "fuse-overlayfs"
| #define PACKAGE_TARNAME "fuse-overlayfs"
| #define PACKAGE_VERSION "0.6.4"
| #define PACKAGE_STRING "fuse-overlayfs 0.6.4"
| #define PACKAGE_BUGREPORT "giuseppe@scrivano.org"
| #define PACKAGE_URL ""
| #define PACKAGE "fuse-overlayfs"
| #define VERSION "0.6.4"
| #define STDC_HEADERS 1
| #define HAVE_SYS_TYPES_H 1
| #define HAVE_SYS_STAT_H 1
| #define HAVE_STDLIB_H 1
| #define HAVE_STRING_H 1
| #define HAVE_MEMORY_H 1
| #define HAVE_STRINGS_H 1
| #define HAVE_INTTYPES_H 1
| #define HAVE_STDINT_H 1
| #define HAVE_UNISTD_H 1
| #define HAVE_LIMITS_H 1
| #define HAVE_WCHAR_H 1
| #define HAVE_STDINT_H 1
| /* end confdefs.h.  */
| #ifndef __STDC_WANT_IEC_60559_BFP_EXT__
|              #define __STDC_WANT_IEC_60559_BFP_EXT__ 1
|             #endif
|             #include <limits.h>
|             long long llm = LLONG_MAX;
|             int wb = WORD_BIT;
|             int ullw = ULLONG_WIDTH;
| 
| int
| main ()
| {
| 
|   ;
|   return 0;
| }
configure:5127: result: no
configure:5154: gcc -c -g -O2  conftest.c >&5
conftest.c:25:10: error: unknown type name 'not'
   25 |          not a universal capable compiler
      |          ^~~
conftest.c:25:16: error: expected '=', ',', ';', 'asm' or '__attribute__' before 'universal'
   25 |          not a universal capable compiler
      |                ^~~~~~~~~
conftest.c:25:16: error: unknown type name 'universal'
configure:5154: $? = 1
configure: failed program was:
| /* confdefs.h */
| #define PACKAGE_NAME "fuse-overlayfs"
| #define PACKAGE_TARNAME "fuse-overlayfs"
| #define PACKAGE_VERSION "0.6.4"
| #define PACKAGE_STRING "fuse-overlayfs 0.6.4"
| #define PACKAGE_BUGREPORT "giuseppe@scrivano.org"
| #define PACKAGE_URL ""
| #define PACKAGE "fuse-overlayfs"
| #define VERSION "0.6.4"
| #define STDC_HEADERS 1
| #define HAVE_SYS_TYPES_H 1
| #define HAVE_SYS_STAT_H 1
| #define HAVE_STDLIB_H 1
| #define HAVE_STRING_H 1
| #define HAVE_MEMORY_H 1
| #define HAVE_STRINGS_H 1
| #define HAVE_INTTYPES_H 1
| #define HAVE_STDINT_H 1
| #define HAVE_UNISTD_H 1
| #define HAVE_LIMITS_H 1
| #define HAVE_WCHAR_H 1
| #define HAVE_STDINT_H 1
| /* end confdefs.h.  */
| #ifndef __APPLE_CC__
|          not a universal capable compiler
|         #endif
|         typedef int dummy;
| 
configure:5186: checking for stdbool.h that conforms to C99
configure:5261: gcc -c -g -O2  conftest.c >&5
configure:5261: $? = 0
configure:5268: result: yes
configure:5270: checking for _Bool
configure:5270: gcc -c -g -O2  conftest.c >&5
configure:5270: $? = 0
configure:5270: gcc -c -g -O2  conftest.c >&5
conftest.c: In function 'main':
conftest.c:60:20: error: expected expression before ')' token
   60 | if (sizeof ((_Bool)))
      |                    ^
configure:5270: $? = 1
configure: failed program was:
| /* confdefs.h */
| #define PACKAGE_NAME "fuse-overlayfs"
| #define PACKAGE_TARNAME "fuse-overlayfs"
| #define PACKAGE_VERSION "0.6.4"
| #define PACKAGE_STRING "fuse-overlayfs 0.6.4"
| #define PACKAGE_BUGREPORT "giuseppe@scrivano.org"
| #define PACKAGE_URL ""
| #define PACKAGE "fuse-overlayfs"
| #define VERSION "0.6.4"
| #define STDC_HEADERS 1
| #define HAVE_SYS_TYPES_H 1
| #define HAVE_SYS_STAT_H 1
| #define HAVE_STDLIB_H 1
| #define HAVE_STRING_H 1
| #define HAVE_MEMORY_H 1
| #define HAVE_STRINGS_H 1
| #define HAVE_INTTYPES_H 1
| #define HAVE_STDINT_H 1
| #define HAVE_UNISTD_H 1
| #define HAVE_LIMITS_H 1
| #define HAVE_WCHAR_H 1
| #define HAVE_STDINT_H 1
| /* end confdefs.h.  */
| #include <stdio.h>
| #ifdef HAVE_SYS_TYPES_H
| # include <sys/types.h>
| #endif
| #ifdef HAVE_SYS_STAT_H
| # include <sys/stat.h>
| #endif
| #ifdef STDC_HEADERS
| # include <stdlib.h>
| # include <stddef.h>
| #else
| # ifdef HAVE_STDLIB_H
| #  include <stdlib.h>
| # endif
| #endif
| #ifdef HAVE_STRING_H
| # if !defined STDC_HEADERS && defined HAVE_MEMORY_H
| #  include <memory.h>
| # endif
| # include <string.h>
| #endif
| #ifdef HAVE_STRINGS_H
| # include <strings.h>
| #endif
| #ifdef HAVE_INTTYPES_H
| # include <inttypes.h>
| #endif
| #ifdef HAVE_STDINT_H
| # include <stdint.h>
| #endif
| #ifdef HAVE_UNISTD_H
| # include <unistd.h>
| #endif
| int
| main ()
| {
| if (sizeof ((_Bool)))
| 	    return 0;
|   ;
|   return 0;
| }
configure:5270: result: yes
configure:5282: checking for wint_t
configure:5307: gcc -c -g -O2  conftest.c >&5
configure:5307: $? = 0
configure:5314: result: yes
configure:5321: checking whether wint_t is too small
configure:5349: gcc -c -g -O2  conftest.c >&5
configure:5349: $? = 0
configure:5356: result: no
configure:5369: checking for unsigned long long int
configure:5408: gcc -o conftest -g -O2   conftest.c  >&5
configure:5408: $? = 0
configure:5417: result: yes
configure:5427: checking for long long int
configure:5465: gcc -o conftest -g -O2   conftest.c  >&5
configure:5465: $? = 0
configure:5465: ./conftest
configure:5465: $? = 0
configure:5477: result: yes
configure:5617: checking whether stdint.h conforms to C99
configure:5797: gcc -c -g -O2  conftest.c >&5
configure:5797: $? = 0
configure:5884: gcc -o conftest -g -O2   conftest.c  >&5
configure:5884: $? = 0
configure:5884: ./conftest
configure:5884: $? = 0
configure:5896: result: yes
configure:5907: checking whether stdint.h predates C++11
configure:5943: gcc -c -g -O2  conftest.c >&5
configure:5943: $? = 0
configure:5948: result: no
configure:5959: checking whether stdint.h has UINTMAX_WIDTH etc.
configure:5995: gcc -c -g -O2  conftest.c >&5
configure:5995: $? = 0
configure:6000: result: yes
configure:6356: checking for pid_t
configure:6356: gcc -c -g -O2  conftest.c >&5
configure:6356: $? = 0
configure:6356: gcc -c -g -O2  conftest.c >&5
conftest.c: In function 'main':
conftest.c:64:20: error: expected expression before ')' token
   64 | if (sizeof ((pid_t)))
      |                    ^
configure:6356: $? = 1
configure: failed program was:
| /* confdefs.h */
| #define PACKAGE_NAME "fuse-overlayfs"
| #define PACKAGE_TARNAME "fuse-overlayfs"
| #define PACKAGE_VERSION "0.6.4"
| #define PACKAGE_STRING "fuse-overlayfs 0.6.4"
| #define PACKAGE_BUGREPORT "giuseppe@scrivano.org"
| #define PACKAGE_URL ""
| #define PACKAGE "fuse-overlayfs"
| #define VERSION "0.6.4"
| #define STDC_HEADERS 1
| #define HAVE_SYS_TYPES_H 1
| #define HAVE_SYS_STAT_H 1
| #define HAVE_STDLIB_H 1
| #define HAVE_STRING_H 1
| #define HAVE_MEMORY_H 1
| #define HAVE_STRINGS_H 1
| #define HAVE_INTTYPES_H 1
| #define HAVE_STDINT_H 1
| #define HAVE_UNISTD_H 1
| #define HAVE_LIMITS_H 1
| #define HAVE_WCHAR_H 1
| #define HAVE_STDINT_H 1
| #define HAVE__BOOL 1
| #define HAVE_WINT_T 1
| #define HAVE_UNSIGNED_LONG_LONG_INT 1
| #define HAVE_LONG_LONG_INT 1
| /* end confdefs.h.  */
| #include <stdio.h>
| #ifdef HAVE_SYS_TYPES_H
| # include <sys/types.h>
| #endif
| #ifdef HAVE_SYS_STAT_H
| # include <sys/stat.h>
| #endif
| #ifdef STDC_HEADERS
| # include <stdlib.h>
| # include <stddef.h>
| #else
| # ifdef HAVE_STDLIB_H
| #  include <stdlib.h>
| # endif
| #endif
| #ifdef HAVE_STRING_H
| # if !defined STDC_HEADERS && defined HAVE_MEMORY_H
| #  include <memory.h>
| # endif
| # include <string.h>
| #endif
| #ifdef HAVE_STRINGS_H
| # include <strings.h>
| #endif
| #ifdef HAVE_INTTYPES_H
| # include <inttypes.h>
| #endif
| #ifdef HAVE_STDINT_H
| # include <stdint.h>
| #endif
| #ifdef HAVE_UNISTD_H
| # include <unistd.h>
| #endif
| int
| main ()
| {
| if (sizeof ((pid_t)))
| 	    return 0;
|   ;
|   return 0;
| }
configure:6356: result: yes
configure:6367: checking for mode_t
configure:6367: gcc -c -g -O2  conftest.c >&5
configure:6367: $? = 0
configure:6367: gcc -c -g -O2  conftest.c >&5
conftest.c: In function 'main':
conftest.c:64:21: error: expected expression before ')' token
   64 | if (sizeof ((mode_t)))
      |                     ^
configure:6367: $? = 1
configure: failed program was:
| /* confdefs.h */
| #define PACKAGE_NAME "fuse-overlayfs"
| #define PACKAGE_TARNAME "fuse-overlayfs"
| #define PACKAGE_VERSION "0.6.4"
| #define PACKAGE_STRING "fuse-overlayfs 0.6.4"
| #define PACKAGE_BUGREPORT "giuseppe@scrivano.org"
| #define PACKAGE_URL ""
| #define PACKAGE "fuse-overlayfs"
| #define VERSION "0.6.4"
| #define STDC_HEADERS 1
| #define HAVE_SYS_TYPES_H 1
| #define HAVE_SYS_STAT_H 1
| #define HAVE_STDLIB_H 1
| #define HAVE_STRING_H 1
| #define HAVE_MEMORY_H 1
| #define HAVE_STRINGS_H 1
| #define HAVE_INTTYPES_H 1
| #define HAVE_STDINT_H 1
| #define HAVE_UNISTD_H 1
| #define HAVE_LIMITS_H 1
| #define HAVE_WCHAR_H 1
| #define HAVE_STDINT_H 1
| #define HAVE__BOOL 1
| #define HAVE_WINT_T 1
| #define HAVE_UNSIGNED_LONG_LONG_INT 1
| #define HAVE_LONG_LONG_INT 1
| /* end confdefs.h.  */
| #include <stdio.h>
| #ifdef HAVE_SYS_TYPES_H
| # include <sys/types.h>
| #endif
| #ifdef HAVE_SYS_STAT_H
| # include <sys/stat.h>
| #endif
| #ifdef STDC_HEADERS
| # include <stdlib.h>
| # include <stddef.h>
| #else
| # ifdef HAVE_STDLIB_H
| #  include <stdlib.h>
| # endif
| #endif
| #ifdef HAVE_STRING_H
| # if !defined STDC_HEADERS && defined HAVE_MEMORY_H
| #  include <memory.h>
| # endif
| # include <string.h>
| #endif
| #ifdef HAVE_STRINGS_H
| # include <strings.h>
| #endif
| #ifdef HAVE_INTTYPES_H
| # include <inttypes.h>
| #endif
| #ifdef HAVE_STDINT_H
| # include <stdint.h>
| #endif
| #ifdef HAVE_UNISTD_H
| # include <unistd.h>
| #endif
| int
| main ()
| {
| if (sizeof ((mode_t)))
| 	    return 0;
|   ;
|   return 0;
| }
configure:6367: result: yes
configure:6500: checking for ssize_t
configure:6517: gcc -c -g -O2  conftest.c >&5
configure:6517: $? = 0
configure:6524: result: yes
configure:6603: checking fcntl.h usability
configure:6603: gcc -c -g -O2  conftest.c >&5
configure:6603: $? = 0
configure:6603: result: yes
configure:6603: checking fcntl.h presence
configure:6603: gcc -E  conftest.c
configure:6603: $? = 0
configure:6603: result: yes
configure:6603: checking for fcntl.h
configure:6603: result: yes
configure:6603: checking for inttypes.h
configure:6603: result: yes
configure:6603: checking for limits.h
configure:6603: result: yes
configure:6603: checking stddef.h usability
configure:6603: gcc -c -g -O2  conftest.c >&5
configure:6603: $? = 0
configure:6603: result: yes
configure:6603: checking stddef.h presence
configure:6603: gcc -E  conftest.c
configure:6603: $? = 0
configure:6603: result: yes
configure:6603: checking for stddef.h
configure:6603: result: yes
configure:6603: checking for stdint.h
configure:6603: result: yes
configure:6603: checking for stdlib.h
configure:6603: result: yes
configure:6603: checking for string.h
configure:6603: result: yes
configure:6603: checking for unistd.h
configure:6603: result: yes
configure:6603: checking sys/sendfile.h usability
configure:6603: gcc -c -g -O2  conftest.c >&5
configure:6603: $? = 0
configure:6603: result: yes
configure:6603: checking sys/sendfile.h presence
configure:6603: gcc -E  conftest.c
configure:6603: $? = 0
configure:6603: result: yes
configure:6603: checking for sys/sendfile.h
configure:6603: result: yes
configure:6657: checking for ranlib
configure:6684: result: ranlib
configure:6707: checking for stdbool.h that conforms to C99
configure:6789: result: yes
configure:6791: checking for _Bool
configure:6791: result: yes
configure:6802: checking for mode_t
configure:6802: result: yes
configure:6813: checking for obstacks
configure:6834: gcc -o conftest -g -O2   conftest.c  >&5
configure:6834: $? = 0
configure:6842: result: yes
configure:6857: checking for off_t
configure:6857: gcc -c -g -O2  conftest.c >&5
configure:6857: $? = 0
configure:6857: gcc -c -g -O2  conftest.c >&5
conftest.c: In function 'main':
conftest.c:76:20: error: expected expression before ')' token
   76 | if (sizeof ((off_t)))
      |                    ^
configure:6857: $? = 1
configure: failed program was:
| /* confdefs.h */
| #define PACKAGE_NAME "fuse-overlayfs"
| #define PACKAGE_TARNAME "fuse-overlayfs"
| #define PACKAGE_VERSION "0.6.4"
| #define PACKAGE_STRING "fuse-overlayfs 0.6.4"
| #define PACKAGE_BUGREPORT "giuseppe@scrivano.org"
| #define PACKAGE_URL ""
| #define PACKAGE "fuse-overlayfs"
| #define VERSION "0.6.4"
| #define STDC_HEADERS 1
| #define HAVE_SYS_TYPES_H 1
| #define HAVE_SYS_STAT_H 1
| #define HAVE_STDLIB_H 1
| #define HAVE_STRING_H 1
| #define HAVE_MEMORY_H 1
| #define HAVE_STRINGS_H 1
| #define HAVE_INTTYPES_H 1
| #define HAVE_STDINT_H 1
| #define HAVE_UNISTD_H 1
| #define HAVE_LIMITS_H 1
| #define HAVE_WCHAR_H 1
| #define HAVE_STDINT_H 1
| #define HAVE__BOOL 1
| #define HAVE_WINT_T 1
| #define HAVE_UNSIGNED_LONG_LONG_INT 1
| #define HAVE_LONG_LONG_INT 1
| #define _USE_STD_STAT 1
| #define HAVE_FCNTL_H 1
| #define HAVE_INTTYPES_H 1
| #define HAVE_LIMITS_H 1
| #define HAVE_STDDEF_H 1
| #define HAVE_STDINT_H 1
| #define HAVE_STDLIB_H 1
| #define HAVE_STRING_H 1
| #define HAVE_UNISTD_H 1
| #define HAVE_SYS_SENDFILE_H 1
| #define HAVE__BOOL 1
| #define HAVE_OBSTACK 1
| /* end confdefs.h.  */
| #include <stdio.h>
| #ifdef HAVE_SYS_TYPES_H
| # include <sys/types.h>
| #endif
| #ifdef HAVE_SYS_STAT_H
| # include <sys/stat.h>
| #endif
| #ifdef STDC_HEADERS
| # include <stdlib.h>
| # include <stddef.h>
| #else
| # ifdef HAVE_STDLIB_H
| #  include <stdlib.h>
| # endif
| #endif
| #ifdef HAVE_STRING_H
| # if !defined STDC_HEADERS && defined HAVE_MEMORY_H
| #  include <memory.h>
| # endif
| # include <string.h>
| #endif
| #ifdef HAVE_STRINGS_H
| # include <strings.h>
| #endif
| #ifdef HAVE_INTTYPES_H
| # include <inttypes.h>
| #endif
| #ifdef HAVE_STDINT_H
| # include <stdint.h>
| #endif
| #ifdef HAVE_UNISTD_H
| # include <unistd.h>
| #endif
| int
| main ()
| {
| if (sizeof ((off_t)))
| 	    return 0;
|   ;
|   return 0;
| }
configure:6857: result: yes
configure:6868: checking for size_t
configure:6868: gcc -c -g -O2  conftest.c >&5
configure:6868: $? = 0
configure:6868: gcc -c -g -O2  conftest.c >&5
conftest.c: In function 'main':
conftest.c:76:21: error: expected expression before ')' token
   76 | if (sizeof ((size_t)))
      |                     ^
configure:6868: $? = 1
configure: failed program was:
| /* confdefs.h */
| #define PACKAGE_NAME "fuse-overlayfs"
| #define PACKAGE_TARNAME "fuse-overlayfs"
| #define PACKAGE_VERSION "0.6.4"
| #define PACKAGE_STRING "fuse-overlayfs 0.6.4"
| #define PACKAGE_BUGREPORT "giuseppe@scrivano.org"
| #define PACKAGE_URL ""
| #define PACKAGE "fuse-overlayfs"
| #define VERSION "0.6.4"
| #define STDC_HEADERS 1
| #define HAVE_SYS_TYPES_H 1
| #define HAVE_SYS_STAT_H 1
| #define HAVE_STDLIB_H 1
| #define HAVE_STRING_H 1
| #define HAVE_MEMORY_H 1
| #define HAVE_STRINGS_H 1
| #define HAVE_INTTYPES_H 1
| #define HAVE_STDINT_H 1
| #define HAVE_UNISTD_H 1
| #define HAVE_LIMITS_H 1
| #define HAVE_WCHAR_H 1
| #define HAVE_STDINT_H 1
| #define HAVE__BOOL 1
| #define HAVE_WINT_T 1
| #define HAVE_UNSIGNED_LONG_LONG_INT 1
| #define HAVE_LONG_LONG_INT 1
| #define _USE_STD_STAT 1
| #define HAVE_FCNTL_H 1
| #define HAVE_INTTYPES_H 1
| #define HAVE_LIMITS_H 1
| #define HAVE_STDDEF_H 1
| #define HAVE_STDINT_H 1
| #define HAVE_STDLIB_H 1
| #define HAVE_STRING_H 1
| #define HAVE_UNISTD_H 1
| #define HAVE_SYS_SENDFILE_H 1
| #define HAVE__BOOL 1
| #define HAVE_OBSTACK 1
| /* end confdefs.h.  */
| #include <stdio.h>
| #ifdef HAVE_SYS_TYPES_H
| # include <sys/types.h>
| #endif
| #ifdef HAVE_SYS_STAT_H
| # include <sys/stat.h>
| #endif
| #ifdef STDC_HEADERS
| # include <stdlib.h>
| # include <stddef.h>
| #else
| # ifdef HAVE_STDLIB_H
| #  include <stdlib.h>
| # endif
| #endif
| #ifdef HAVE_STRING_H
| # if !defined STDC_HEADERS && defined HAVE_MEMORY_H
| #  include <memory.h>
| # endif
| # include <string.h>
| #endif
| #ifdef HAVE_STRINGS_H
| # include <strings.h>
| #endif
| #ifdef HAVE_INTTYPES_H
| # include <inttypes.h>
| #endif
| #ifdef HAVE_STDINT_H
| # include <stdint.h>
| #endif
| #ifdef HAVE_UNISTD_H
| # include <unistd.h>
| #endif
| int
| main ()
| {
| if (sizeof ((size_t)))
| 	    return 0;
|   ;
|   return 0;
| }
configure:6868: result: yes
configure:6879: checking for ssize_t
configure:6879: gcc -c -g -O2  conftest.c >&5
configure:6879: $? = 0
configure:6879: gcc -c -g -O2  conftest.c >&5
conftest.c: In function 'main':
conftest.c:76:22: error: expected expression before ')' token
   76 | if (sizeof ((ssize_t)))
      |                      ^
configure:6879: $? = 1
configure: failed program was:
| /* confdefs.h */
| #define PACKAGE_NAME "fuse-overlayfs"
| #define PACKAGE_TARNAME "fuse-overlayfs"
| #define PACKAGE_VERSION "0.6.4"
| #define PACKAGE_STRING "fuse-overlayfs 0.6.4"
| #define PACKAGE_BUGREPORT "giuseppe@scrivano.org"
| #define PACKAGE_URL ""
| #define PACKAGE "fuse-overlayfs"
| #define VERSION "0.6.4"
| #define STDC_HEADERS 1
| #define HAVE_SYS_TYPES_H 1
| #define HAVE_SYS_STAT_H 1
| #define HAVE_STDLIB_H 1
| #define HAVE_STRING_H 1
| #define HAVE_MEMORY_H 1
| #define HAVE_STRINGS_H 1
| #define HAVE_INTTYPES_H 1
| #define HAVE_STDINT_H 1
| #define HAVE_UNISTD_H 1
| #define HAVE_LIMITS_H 1
| #define HAVE_WCHAR_H 1
| #define HAVE_STDINT_H 1
| #define HAVE__BOOL 1
| #define HAVE_WINT_T 1
| #define HAVE_UNSIGNED_LONG_LONG_INT 1
| #define HAVE_LONG_LONG_INT 1
| #define _USE_STD_STAT 1
| #define HAVE_FCNTL_H 1
| #define HAVE_INTTYPES_H 1
| #define HAVE_LIMITS_H 1
| #define HAVE_STDDEF_H 1
| #define HAVE_STDINT_H 1
| #define HAVE_STDLIB_H 1
| #define HAVE_STRING_H 1
| #define HAVE_UNISTD_H 1
| #define HAVE_SYS_SENDFILE_H 1
| #define HAVE__BOOL 1
| #define HAVE_OBSTACK 1
| /* end confdefs.h.  */
| #include <stdio.h>
| #ifdef HAVE_SYS_TYPES_H
| # include <sys/types.h>
| #endif
| #ifdef HAVE_SYS_STAT_H
| # include <sys/stat.h>
| #endif
| #ifdef STDC_HEADERS
| # include <stdlib.h>
| # include <stddef.h>
| #else
| # ifdef HAVE_STDLIB_H
| #  include <stdlib.h>
| # endif
| #endif
| #ifdef HAVE_STRING_H
| # if !defined STDC_HEADERS && defined HAVE_MEMORY_H
| #  include <memory.h>
| # endif
| # include <string.h>
| #endif
| #ifdef HAVE_STRINGS_H
| # include <strings.h>
| #endif
| #ifdef HAVE_INTTYPES_H
| # include <inttypes.h>
| #endif
| #ifdef HAVE_STDINT_H
| # include <stdint.h>
| #endif
| #ifdef HAVE_UNISTD_H
| # include <unistd.h>
| #endif
| int
| main ()
| {
| if (sizeof ((ssize_t)))
| 	    return 0;
|   ;
|   return 0;
| }
configure:6879: result: yes
configure:6890: checking for uint16_t
configure:6890: gcc -c -g -O2  conftest.c >&5
configure:6890: $? = 0
configure:6890: result: yes
configure:6902: checking for uint32_t
configure:6902: gcc -c -g -O2  conftest.c >&5
configure:6902: $? = 0
configure:6902: result: yes
configure:6916: checking for uint64_t
configure:6916: gcc -c -g -O2  conftest.c >&5
configure:6916: $? = 0
configure:6916: result: yes
configure:6930: checking for uint8_t
configure:6930: gcc -c -g -O2  conftest.c >&5
configure:6930: $? = 0
configure:6930: result: yes
configure:6944: checking for ptrdiff_t
configure:6944: gcc -c -g -O2  conftest.c >&5
configure:6944: $? = 0
configure:6944: gcc -c -g -O2  conftest.c >&5
conftest.c: In function 'main':
conftest.c:76:24: error: expected expression before ')' token
   76 | if (sizeof ((ptrdiff_t)))
      |                        ^
configure:6944: $? = 1
configure: failed program was:
| /* confdefs.h */
| #define PACKAGE_NAME "fuse-overlayfs"
| #define PACKAGE_TARNAME "fuse-overlayfs"
| #define PACKAGE_VERSION "0.6.4"
| #define PACKAGE_STRING "fuse-overlayfs 0.6.4"
| #define PACKAGE_BUGREPORT "giuseppe@scrivano.org"
| #define PACKAGE_URL ""
| #define PACKAGE "fuse-overlayfs"
| #define VERSION "0.6.4"
| #define STDC_HEADERS 1
| #define HAVE_SYS_TYPES_H 1
| #define HAVE_SYS_STAT_H 1
| #define HAVE_STDLIB_H 1
| #define HAVE_STRING_H 1
| #define HAVE_MEMORY_H 1
| #define HAVE_STRINGS_H 1
| #define HAVE_INTTYPES_H 1
| #define HAVE_STDINT_H 1
| #define HAVE_UNISTD_H 1
| #define HAVE_LIMITS_H 1
| #define HAVE_WCHAR_H 1
| #define HAVE_STDINT_H 1
| #define HAVE__BOOL 1
| #define HAVE_WINT_T 1
| #define HAVE_UNSIGNED_LONG_LONG_INT 1
| #define HAVE_LONG_LONG_INT 1
| #define _USE_STD_STAT 1
| #define HAVE_FCNTL_H 1
| #define HAVE_INTTYPES_H 1
| #define HAVE_LIMITS_H 1
| #define HAVE_STDDEF_H 1
| #define HAVE_STDINT_H 1
| #define HAVE_STDLIB_H 1
| #define HAVE_STRING_H 1
| #define HAVE_UNISTD_H 1
| #define HAVE_SYS_SENDFILE_H 1
| #define HAVE__BOOL 1
| #define HAVE_OBSTACK 1
| /* end confdefs.h.  */
| #include <stdio.h>
| #ifdef HAVE_SYS_TYPES_H
| # include <sys/types.h>
| #endif
| #ifdef HAVE_SYS_STAT_H
| # include <sys/stat.h>
| #endif
| #ifdef STDC_HEADERS
| # include <stdlib.h>
| # include <stddef.h>
| #else
| # ifdef HAVE_STDLIB_H
| #  include <stdlib.h>
| # endif
| #endif
| #ifdef HAVE_STRING_H
| # if !defined STDC_HEADERS && defined HAVE_MEMORY_H
| #  include <memory.h>
| # endif
| # include <string.h>
| #endif
| #ifdef HAVE_STRINGS_H
| # include <strings.h>
| #endif
| #ifdef HAVE_INTTYPES_H
| # include <inttypes.h>
| #endif
| #ifdef HAVE_STDINT_H
| # include <stdint.h>
| #endif
| #ifdef HAVE_UNISTD_H
| # include <unistd.h>
| #endif
| int
| main ()
| {
| if (sizeof ((ptrdiff_t)))
| 	    return 0;
|   ;
|   return 0;
| }
configure:6944: result: yes
configure:7013: checking for pkg-config
configure:7031: found /usr/bin/pkg-config
configure:7043: result: /usr/bin/pkg-config
configure:7068: checking pkg-config is at least version 0.9.0
configure:7071: result: yes
configure:7081: checking for FUSE
configure:7088: $PKG_CONFIG --exists --print-errors "fuse >= 2.9.7"
configure:7091: $? = 0
configure:7105: $PKG_CONFIG --exists --print-errors "fuse >= 2.9.7"
configure:7108: $? = 0
configure:7146: result: yes
configure:7170: gcc -c -I/usr/include/fuse -D_FILE_OFFSET_BITS=64   conftest.c >&5
conftest.c: In function 'foo':
conftest.c:50:11: error: 'struct fuse_file_info' has no member named 'cache_readdir'
   50 |         fi.cache_readdir = 1;
      |           ^
configure:7170: $? = 1
configure: failed program was:
| /* confdefs.h */
| #define PACKAGE_NAME "fuse-overlayfs"
| #define PACKAGE_TARNAME "fuse-overlayfs"
| #define PACKAGE_VERSION "0.6.4"
| #define PACKAGE_STRING "fuse-overlayfs 0.6.4"
| #define PACKAGE_BUGREPORT "giuseppe@scrivano.org"
| #define PACKAGE_URL ""
| #define PACKAGE "fuse-overlayfs"
| #define VERSION "0.6.4"
| #define STDC_HEADERS 1
| #define HAVE_SYS_TYPES_H 1
| #define HAVE_SYS_STAT_H 1
| #define HAVE_STDLIB_H 1
| #define HAVE_STRING_H 1
| #define HAVE_MEMORY_H 1
| #define HAVE_STRINGS_H 1
| #define HAVE_INTTYPES_H 1
| #define HAVE_STDINT_H 1
| #define HAVE_UNISTD_H 1
| #define HAVE_LIMITS_H 1
| #define HAVE_WCHAR_H 1
| #define HAVE_STDINT_H 1
| #define HAVE__BOOL 1
| #define HAVE_WINT_T 1
| #define HAVE_UNSIGNED_LONG_LONG_INT 1
| #define HAVE_LONG_LONG_INT 1
| #define _USE_STD_STAT 1
| #define HAVE_FCNTL_H 1
| #define HAVE_INTTYPES_H 1
| #define HAVE_LIMITS_H 1
| #define HAVE_STDDEF_H 1
| #define HAVE_STDINT_H 1
| #define HAVE_STDLIB_H 1
| #define HAVE_STRING_H 1
| #define HAVE_UNISTD_H 1
| #define HAVE_SYS_SENDFILE_H 1
| #define HAVE__BOOL 1
| #define HAVE_OBSTACK 1
| #define HAVE_PTRDIFF_T 1
| #define USE_DIFF_HASH 1
| #define HAVE_FUSE 1
| /* end confdefs.h.  */
| 
| 
| #define FUSE_USE_VERSION 29
| #include <fuse_lowlevel.h>
| void foo()
| {
|         struct fuse_file_info fi;
|         fi.cache_readdir = 1;
| }
| 
configure:7186: checking for error_at_line
configure:7202: gcc -o conftest -g -O2   conftest.c  >&5
configure:7202: $? = 0
configure:7210: result: yes
configure:7223: checking for stdlib.h
configure:7223: result: yes
configure:7233: checking for GNU libc compatible malloc
configure:7257: gcc -o conftest -g -O2   conftest.c  >&5
configure:7257: $? = 0
configure:7257: ./conftest
configure:7257: $? = 0
configure:7267: result: yes
configure:7291: checking for open_by_handle_at
configure:7291: gcc -o conftest -g -O2   conftest.c  >&5
configure:7291: $? = 0
configure:7291: result: yes
configure:7291: checking for error
configure:7291: gcc -o conftest -g -O2   conftest.c  >&5
configure:7291: $? = 0
configure:7291: result: yes
configure:7291: checking for memset
configure:7291: gcc -o conftest -g -O2   conftest.c  >&5
conftest.c:71:6: warning: conflicting types for built-in function 'memset'; expected 'void *(void *, int,  long unsigned int)' [-Wbuiltin-declaration-mismatch]
   71 | char memset ();
      |      ^~~~~~
conftest.c:59:1: note: 'memset' is declared in header '<string.h>'
   58 | # include <limits.h>
   59 | #else
configure:7291: $? = 0
configure:7291: result: yes
configure:7291: checking for strdup
configure:7291: gcc -o conftest -g -O2   conftest.c  >&5
conftest.c:72:6: warning: conflicting types for built-in function 'strdup'; expected 'char *(const char *)' [-Wbuiltin-declaration-mismatch]
   72 | char strdup ();
      |      ^~~~~~
configure:7291: $? = 0
configure:7291: result: yes
configure:7291: checking for copy_file_range
configure:7291: gcc -o conftest -g -O2   conftest.c  >&5
configure:7291: $? = 0
configure:7291: result: yes
configure:7404: checking that generated files are newer than configure
configure:7410: result: done
configure:7485: creating ./config.status

## ---------------- ##
## Cache variables. ##
## ---------------- ##

ac_cv_build=x86_64-pc-linux-gnu
ac_cv_c_compiler_gnu=yes
ac_cv_c_uint16_t=yes
ac_cv_c_uint32_t=yes
ac_cv_c_uint64_t=yes
ac_cv_c_uint8_t=yes
ac_cv_env_CC_set=
ac_cv_env_CC_value=
ac_cv_env_CFLAGS_set=
ac_cv_env_CFLAGS_value=
ac_cv_env_CPPFLAGS_set=
ac_cv_env_CPPFLAGS_value=
ac_cv_env_CPP_set=
ac_cv_env_CPP_value=
ac_cv_env_FUSE_CFLAGS_set=
ac_cv_env_FUSE_CFLAGS_value=
ac_cv_env_FUSE_LIBS_set=
ac_cv_env_FUSE_LIBS_value=
ac_cv_env_LDFLAGS_set=
ac_cv_env_LDFLAGS_value=
ac_cv_env_LIBS_set=
ac_cv_env_LIBS_value=
ac_cv_env_PKG_CONFIG_LIBDIR_set=
ac_cv_env_PKG_CONFIG_LIBDIR_value=
ac_cv_env_PKG_CONFIG_PATH_set=
ac_cv_env_PKG_CONFIG_PATH_value=
ac_cv_env_PKG_CONFIG_set=
ac_cv_env_PKG_CONFIG_value=
ac_cv_env_build_alias_set=
ac_cv_env_build_alias_value=
ac_cv_env_host_alias_set=
ac_cv_env_host_alias_value=
ac_cv_env_target_alias_set=
ac_cv_env_target_alias_value=
ac_cv_func_copy_file_range=yes
ac_cv_func_error=yes
ac_cv_func_malloc_0_nonnull=yes
ac_cv_func_memset=yes
ac_cv_func_obstack=yes
ac_cv_func_open_by_handle_at=yes
ac_cv_func_strdup=yes
ac_cv_header_fcntl_h=yes
ac_cv_header_inttypes_h=yes
ac_cv_header_limits_h=yes
ac_cv_header_memory_h=yes
ac_cv_header_stdbool_h=yes
ac_cv_header_stdc=yes
ac_cv_header_stddef_h=yes
ac_cv_header_stdint_h=yes
ac_cv_header_stdlib_h=yes
ac_cv_header_string_h=yes
ac_cv_header_strings_h=yes
ac_cv_header_sys_sendfile_h=yes
ac_cv_header_sys_stat_h=yes
ac_cv_header_sys_types_h=yes
ac_cv_header_unistd_h=yes
ac_cv_header_wchar_h=yes
ac_cv_host=x86_64-pc-linux-gnu
ac_cv_lib_error_at_line=yes
ac_cv_objext=o
ac_cv_path_EGREP='/usr/bin/grep -E'
ac_cv_path_GREP=/usr/bin/grep
ac_cv_path_ac_pt_PKG_CONFIG=/usr/bin/pkg-config
ac_cv_path_install='/usr/bin/install -c'
ac_cv_path_mkdir=/usr/bin/mkdir
ac_cv_prog_AWK=gawk
ac_cv_prog_CPP='gcc -E'
ac_cv_prog_ac_ct_AR=ar
ac_cv_prog_ac_ct_CC=gcc
ac_cv_prog_ac_ct_RANLIB=ranlib
ac_cv_prog_cc_c89=
ac_cv_prog_cc_g=yes
ac_cv_prog_make_make_set=yes
ac_cv_type__Bool=yes
ac_cv_type_long_long_int=yes
ac_cv_type_mode_t=yes
ac_cv_type_off_t=yes
ac_cv_type_pid_t=yes
ac_cv_type_ptrdiff_t=yes
ac_cv_type_size_t=yes
ac_cv_type_ssize_t=yes
ac_cv_type_unsigned_long_long_int=yes
am_cv_CC_dependencies_compiler_type=gcc3
am_cv_make_support_nested_variables=yes
am_cv_prog_cc_c_o=yes
gl_cv_c_amsterdam_compiler=no
gl_cv_c_multiarch=no
gl_cv_have_include_next=yes
gl_cv_header_limits_width=no
gl_cv_header_stdint_predates_cxx11_h=no
gl_cv_header_stdint_width=yes
gl_cv_header_working_stdint_h=yes
gl_cv_next_limits_h='<limits.h>'
gl_cv_next_stdint_h='<stdint.h>'
gl_cv_next_sys_types_h='<sys/types.h>'
gl_cv_pragma_columns=no
gl_cv_type_wint_t_too_small=no
gt_cv_c_wint_t=yes
gt_cv_ssize_t=yes
pkg_cv_FUSE_CFLAGS='-I/usr/include/fuse -D_FILE_OFFSET_BITS=64 '
pkg_cv_FUSE_LIBS='-lfuse -pthread '

## ----------------- ##
## Output variables. ##
## ----------------- ##

ACLOCAL='${SHELL} /home/stary/cursed-apt/fuse-overlayfs/build-aux/missing aclocal-1.16'
AMDEPBACKSLASH='\'
AMDEP_FALSE='#'
AMDEP_TRUE=''
AMTAR='$${TAR-tar}'
AM_BACKSLASH='\'
AM_DEFAULT_V='$(AM_DEFAULT_VERBOSITY)'
AM_DEFAULT_VERBOSITY='1'
AM_V='$(V)'
APPLE_UNIVERSAL_BUILD='0'
AR='ar'
ARFLAGS='cr'
AUTOCONF='${SHELL} /home/stary/cursed-apt/fuse-overlayfs/build-aux/missing autoconf'
AUTOHEADER='${SHELL} /home/stary/cursed-apt/fuse-overlayfs/build-aux/missing autoheader'
AUTOMAKE='${SHELL} /home/stary/cursed-apt/fuse-overlayfs/build-aux/missing automake-1.16'
AWK='gawk'
BITSIZEOF_PTRDIFF_T=''
BITSIZEOF_SIG_ATOMIC_T=''
BITSIZEOF_SIZE_T=''
BITSIZEOF_WCHAR_T=''
BITSIZEOF_WINT_T=''
CC='gcc'
CCDEPMODE='depmode=gcc3'
CFLAGS='-g -O2'
CPP='gcc -E'
CPPFLAGS=''
CYGPATH_W='echo'
DEFS='-DHAVE_CONFIG_H'
DEPDIR='.deps'
ECHO_C=''
ECHO_N='-n'
ECHO_T=''
EGREP='/usr/bin/grep -E'
EXEEXT=''
FUSE_CFLAGS='-I/usr/include/fuse -D_FILE_OFFSET_BITS=64 '
FUSE_LIBS='-lfuse -pthread '
GL_COND_LIBTOOL_FALSE=''
GL_COND_LIBTOOL_TRUE='#'
GL_GENERATE_LIMITS_H_FALSE='#'
GL_GENERATE_LIMITS_H_TRUE=''
GL_GENERATE_STDBOOL_H_FALSE=''
GL_GENERATE_STDBOOL_H_TRUE='#'
GL_GENERATE_STDINT_H_FALSE=''
GL_GENERATE_STDINT_H_TRUE='#'
GNULIB_OVERRIDES_WINT_T='0'
GREP='/usr/bin/grep'
HAVE_C99_STDINT_H='1'
HAVE_INTTYPES_H='1'
HAVE_LONG_LONG_INT='1'
HAVE_SIGNED_SIG_ATOMIC_T=''
HAVE_SIGNED_WCHAR_T=''
HAVE_SIGNED_WINT_T=''
HAVE_STDINT_H='1'
HAVE_SYS_BITYPES_H='0'
HAVE_SYS_INTTYPES_H='0'
HAVE_SYS_TYPES_H='1'
HAVE_UNSIGNED_LONG_LONG_INT='1'
HAVE_WCHAR_H='1'
HAVE__BOOL='1'
INCLUDE_NEXT='include_next'
INCLUDE_NEXT_AS_FIRST_DIRECTIVE='include_next'
INSTALL_DATA='${INSTALL} -m 644'
INSTALL_PROGRAM='${INSTALL}'
INSTALL_SCRIPT='${INSTALL}'
INSTALL_STRIP_PROGRAM='$(install_sh) -c -s'
LDFLAGS=''
LIBGNU_LIBDEPS=''
LIBGNU_LTLIBDEPS=''
LIBOBJS=''
LIBS=''
LIMITS_H='limits.h'
LTLIBOBJS=''
MAKEINFO='${SHELL} /home/stary/cursed-apt/fuse-overlayfs/build-aux/missing makeinfo'
MKDIR_P='/usr/bin/mkdir -p'
NEXT_AS_FIRST_DIRECTIVE_LIMITS_H='<limits.h>'
NEXT_AS_FIRST_DIRECTIVE_STDINT_H='<stdint.h>'
NEXT_AS_FIRST_DIRECTIVE_SYS_TYPES_H='<sys/types.h>'
NEXT_LIMITS_H='<limits.h>'
NEXT_STDINT_H='<stdint.h>'
NEXT_SYS_TYPES_H='<sys/types.h>'
OBJEXT='o'
PACKAGE='fuse-overlayfs'
PACKAGE_BUGREPORT='giuseppe@scrivano.org'
PACKAGE_NAME='fuse-overlayfs'
PACKAGE_STRING='fuse-overlayfs 0.6.4'
PACKAGE_TARNAME='fuse-overlayfs'
PACKAGE_URL=''
PACKAGE_VERSION='0.6.4'
PATH_SEPARATOR=':'
PKG_CONFIG='/usr/bin/pkg-config'
PKG_CONFIG_LIBDIR=''
PKG_CONFIG_PATH=''
PRAGMA_COLUMNS=''
PRAGMA_SYSTEM_HEADER='#pragma GCC system_header'
PTRDIFF_T_SUFFIX=''
RANLIB='ranlib'
SET_MAKE=''
SHELL='/bin/sh'
SIG_ATOMIC_T_SUFFIX=''
SIZE_T_SUFFIX=''
STDBOOL_H=''
STDINT_H=''
STRIP=''
VERSION='0.6.4'
WCHAR_T_SUFFIX=''
WINDOWS_64_BIT_OFF_T='0'
WINDOWS_STAT_INODES='0'
WINT_T_SUFFIX=''
ac_ct_CC='gcc'
am__EXEEXT_FALSE=''
am__EXEEXT_TRUE='#'
am__fastdepCC_FALSE='#'
am__fastdepCC_TRUE=''
am__include='include'
am__isrc=''
am__leading_dot='.'
am__nodep='_no'
am__quote=''
am__tar='$${TAR-tar} chof - "$$tardir"'
am__untar='$${TAR-tar} xf -'
bindir='${exec_prefix}/bin'
build='x86_64-pc-linux-gnu'
build_alias=''
build_cpu='x86_64'
build_os='linux-gnu'
build_vendor='pc'
datadir='${datarootdir}'
datarootdir='${prefix}/share'
docdir='${datarootdir}/doc/${PACKAGE_TARNAME}'
dvidir='${docdir}'
exec_prefix='${prefix}'
gl_LIBOBJS=''
gl_LTLIBOBJS=''
gltests_LIBOBJS=''
gltests_LTLIBOBJS=''
gltests_WITNESS='IN_FUSE_OVERLAYFS_GNULIB_TESTS'
host='x86_64-pc-linux-gnu'
host_alias=''
host_cpu='x86_64'
host_os='linux-gnu'
host_vendor='pc'
htmldir='${docdir}'
includedir='${prefix}/include'
infodir='${datarootdir}/info'
install_sh='${SHELL} /home/stary/cursed-apt/fuse-overlayfs/build-aux/install-sh'
libdir='${exec_prefix}/lib'
libexecdir='${exec_prefix}/libexec'
localedir='${datarootdir}/locale'
localstatedir='${prefix}/var'
mandir='${datarootdir}/man'
mkdir_p='$(MKDIR_P)'
oldincludedir='/usr/include'
pdfdir='${docdir}'
prefix='/usr/local'
program_transform_name='s,x,x,'
psdir='${docdir}'
sbindir='${exec_prefix}/sbin'
sharedstatedir='${prefix}/com'
sysconfdir='${prefix}/etc'
target_alias=''

## ----------- ##
## confdefs.h. ##
## ----------- ##

/* confdefs.h */
#define PACKAGE_NAME "fuse-overlayfs"
#define PACKAGE_TARNAME "fuse-overlayfs"
#define PACKAGE_VERSION "0.6.4"
#define PACKAGE_STRING "fuse-overlayfs 0.6.4"
#define PACKAGE_BUGREPORT "giuseppe@scrivano.org"
#define PACKAGE_URL ""
#define PACKAGE "fuse-overlayfs"
#define VERSION "0.6.4"
#define STDC_HEADERS 1
#define HAVE_SYS_TYPES_H 1
#define HAVE_SYS_STAT_H 1
#define HAVE_STDLIB_H 1
#define HAVE_STRING_H 1
#define HAVE_MEMORY_H 1
#define HAVE_STRINGS_H 1
#define HAVE_INTTYPES_H 1
#define HAVE_STDINT_H 1
#define HAVE_UNISTD_H 1
#define HAVE_LIMITS_H 1
#define HAVE_WCHAR_H 1
#define HAVE_STDINT_H 1
#define HAVE__BOOL 1
#define HAVE_WINT_T 1
#define HAVE_UNSIGNED_LONG_LONG_INT 1
#define HAVE_LONG_LONG_INT 1
#define _USE_STD_STAT 1
#define HAVE_FCNTL_H 1
#define HAVE_INTTYPES_H 1
#define HAVE_LIMITS_H 1
#define HAVE_STDDEF_H 1
#define HAVE_STDINT_H 1
#define HAVE_STDLIB_H 1
#define HAVE_STRING_H 1
#define HAVE_UNISTD_H 1
#define HAVE_SYS_SENDFILE_H 1
#define HAVE__BOOL 1
#define HAVE_OBSTACK 1
#define HAVE_PTRDIFF_T 1
#define USE_DIFF_HASH 1
#define HAVE_FUSE 1
#define HAVE_FUSE_CACHE_READDIR 0
#define HAVE_STDLIB_H 1
#define HAVE_MALLOC 1
#define HAVE_OPEN_BY_HANDLE_AT 1
#define HAVE_ERROR 1
#define HAVE_MEMSET 1
#define HAVE_STRDUP 1
#define HAVE_COPY_FILE_RANGE 1

configure: exit 0

## ---------------------- ##
## Running config.status. ##
## ---------------------- ##

This file was extended by fuse-overlayfs config.status 0.6.4, which was
generated by GNU Autoconf 2.69.  Invocation command line was

  CONFIG_FILES    = 
  CONFIG_HEADERS  = 
  CONFIG_LINKS    = 
  CONFIG_COMMANDS = 
  $ ./config.status 

on hell2

config.status:950: creating Makefile
config.status:950: creating lib/Makefile
config.status:950: creating config.h
config.status:1131: config.h is unchanged
config.status:1179: executing depfiles commands
config.status:1256: cd .       && sed -e '/# am--include-marker/d' Makefile         | make -f - am--depfiles
make[1]: Entering directory '/home/stary/cursed-apt/fuse-overlayfs'
make[1]: Nothing to be done for 'am--depfiles'.
make[1]: Leaving directory '/home/stary/cursed-apt/fuse-overlayfs'
config.status:1261: $? = 0
config.status:1256: cd lib       && sed -e '/# am--include-marker/d' Makefile         | make -f - am--depfiles
make[1]: Entering directory '/home/stary/cursed-apt/fuse-overlayfs/lib'
make[1]: Nothing to be done for 'am--depfiles'.
make[1]: Leaving directory '/home/stary/cursed-apt/fuse-overlayfs/lib'
config.status:1261: $? = 0

## ---------------------- ##
## Running config.status. ##
## ---------------------- ##

This file was extended by fuse-overlayfs config.status 0.6.4, which was
generated by GNU Autoconf 2.69.  Invocation command line was

  CONFIG_FILES    = 
  CONFIG_HEADERS  = 
  CONFIG_LINKS    = 
  CONFIG_COMMANDS = 
  $ ./config.status config.h

on hell2

config.status:950: creating config.h
config.status:1131: config.h is unchanged
